The target system is: Linux - 1 - armv7-a
The host system is: Linux - 3.5.0-18-generic - x86_64
Performing C++ SOURCE FILE Test HAVE_COMPILER_TLS succeded with the following output:
Change Dir: /home/devtools/data/rel-16/external/apitrace/build/CMakeFiles/CMakeTmp

Run Build Command:/usr/bin/make "cmTryCompileExec558384018/fast"
/usr/bin/make -f CMakeFiles/cmTryCompileExec558384018.dir/build.make CMakeFiles/cmTryCompileExec558384018.dir/build
make[1]: Entering directory `/mnt/sdb1/rel-16/external/apitrace/build/CMakeFiles/CMakeTmp'
/usr/bin/cmake -E cmake_progress_report /home/devtools/data/rel-16/external/apitrace/build/CMakeFiles/CMakeTmp/CMakeFiles 1
Building CXX object CMakeFiles/cmTryCompileExec558384018.dir/src.cxx.o
/home/devtools/data/android-ndk-r8e/toolchains/arm-linux-androideabi-4.7/prebuilt/linux-x86_64/bin/arm-linux-androideabi-g++   -DANDROID -fexceptions -frtti -Wno-psabi --sysroot=/home/devtools/data/android-ndk-r8e/platforms/android-9/arch-arm -fpic -funwind-tables -finline-limit=64 -fsigned-char -no-canonical-prefixes -march=armv7-a -mfloat-abi=softfp -mfpu=vfpv3-d16 -fdata-sections -ffunction-sections -Wa,--noexecstack   -DHAVE_COMPILER_TLS -isystem /home/devtools/data/android-ndk-r8e/platforms/android-9/arch-arm/usr/include -isystem /home/devtools/data/android-ndk-r8e/sources/cxx-stl/gnu-libstdc++/4.7/include -isystem /home/devtools/data/android-ndk-r8e/sources/cxx-stl/gnu-libstdc++/4.7/libs/armeabi-v7a/include    -o CMakeFiles/cmTryCompileExec558384018.dir/src.cxx.o -c /home/devtools/data/rel-16/external/apitrace/build/CMakeFiles/CMakeTmp/src.cxx
Linking CXX executable cmTryCompileExec558384018
/usr/bin/cmake -E cmake_link_script CMakeFiles/cmTryCompileExec558384018.dir/link.txt --verbose=1
/home/devtools/data/android-ndk-r8e/toolchains/arm-linux-androideabi-4.7/prebuilt/linux-x86_64/bin/arm-linux-androideabi-gcc  -fexceptions -frtti -Wno-psabi --sysroot=/home/devtools/data/android-ndk-r8e/platforms/android-9/arch-arm -fpic -funwind-tables -finline-limit=64 -fsigned-char -no-canonical-prefixes -march=armv7-a -mfloat-abi=softfp -mfpu=vfpv3-d16 -fdata-sections -ffunction-sections -Wa,--noexecstack   -DHAVE_COMPILER_TLS   -Wl,--fix-cortex-a8 -Wl,--no-undefined -Wl,--gc-sections -Wl,-z,noexecstack -Wl,-z,relro -Wl,-z,now -Wl,-z,nocopyreloc CMakeFiles/cmTryCompileExec558384018.dir/src.cxx.o -o cmTryCompileExec558384018 -rdynamic -L/libs/armeabi-v7a  "/home/devtools/data/android-ndk-r8e/sources/cxx-stl/gnu-libstdc++/4.7/libs/armeabi-v7a/libgnustl_static.a" "/home/devtools/data/android-ndk-r8e/sources/cxx-stl/gnu-libstdc++/4.7/libs/armeabi-v7a/libsupc++.a" -lm
make[1]: Leaving directory `/mnt/sdb1/rel-16/external/apitrace/build/CMakeFiles/CMakeTmp'

Source file was:
__thread int i; int main() { return 0; }
Determining if files pthread.h exist passed with the following output:
Change Dir: /home/devtools/data/rel-16/external/apitrace/build/CMakeFiles/CMakeTmp

Run Build Command:/usr/bin/make "cmTryCompileExec648975406/fast"
/usr/bin/make -f CMakeFiles/cmTryCompileExec648975406.dir/build.make CMakeFiles/cmTryCompileExec648975406.dir/build
make[1]: Entering directory `/mnt/sdb1/rel-16/external/apitrace/build/CMakeFiles/CMakeTmp'
/usr/bin/cmake -E cmake_progress_report /home/devtools/data/rel-16/external/apitrace/build/CMakeFiles/CMakeTmp/CMakeFiles 1
Building C object CMakeFiles/cmTryCompileExec648975406.dir/CheckIncludeFiles.c.o
/home/devtools/data/android-ndk-r8e/toolchains/arm-linux-androideabi-4.7/prebuilt/linux-x86_64/bin/arm-linux-androideabi-gcc  -DANDROID -fexceptions -Wno-psabi --sysroot=/home/devtools/data/android-ndk-r8e/platforms/android-9/arch-arm -fpic -funwind-tables -finline-limit=64 -fsigned-char -no-canonical-prefixes -march=armv7-a -mfloat-abi=softfp -mfpu=vfpv3-d16 -fdata-sections -ffunction-sections -Wa,--noexecstack    -isystem /home/devtools/data/android-ndk-r8e/platforms/android-9/arch-arm/usr/include -isystem /home/devtools/data/android-ndk-r8e/sources/cxx-stl/gnu-libstdc++/4.7/include -isystem /home/devtools/data/android-ndk-r8e/sources/cxx-stl/gnu-libstdc++/4.7/libs/armeabi-v7a/include    -o CMakeFiles/cmTryCompileExec648975406.dir/CheckIncludeFiles.c.o   -c /home/devtools/data/rel-16/external/apitrace/build/CMakeFiles/CMakeTmp/CheckIncludeFiles.c
Linking C executable cmTryCompileExec648975406
/usr/bin/cmake -E cmake_link_script CMakeFiles/cmTryCompileExec648975406.dir/link.txt --verbose=1
/home/devtools/data/android-ndk-r8e/toolchains/arm-linux-androideabi-4.7/prebuilt/linux-x86_64/bin/arm-linux-androideabi-gcc   -fexceptions -Wno-psabi --sysroot=/home/devtools/data/android-ndk-r8e/platforms/android-9/arch-arm -fpic -funwind-tables -finline-limit=64 -fsigned-char -no-canonical-prefixes -march=armv7-a -mfloat-abi=softfp -mfpu=vfpv3-d16 -fdata-sections -ffunction-sections -Wa,--noexecstack      -Wl,--fix-cortex-a8 -Wl,--no-undefined -Wl,--gc-sections -Wl,-z,noexecstack -Wl,-z,relro -Wl,-z,now -Wl,-z,nocopyreloc CMakeFiles/cmTryCompileExec648975406.dir/CheckIncludeFiles.c.o -o cmTryCompileExec648975406 -rdynamic -L/libs/armeabi-v7a  "/home/devtools/data/android-ndk-r8e/sources/cxx-stl/gnu-libstdc++/4.7/libs/armeabi-v7a/libsupc++.a"
make[1]: Leaving directory `/mnt/sdb1/rel-16/external/apitrace/build/CMakeFiles/CMakeTmp'


Determining if the pthread_create exist passed with the following output:
Change Dir: /home/devtools/data/rel-16/external/apitrace/build/CMakeFiles/CMakeTmp

Run Build Command:/usr/bin/make "cmTryCompileExec4007557946/fast"
/usr/bin/make -f CMakeFiles/cmTryCompileExec4007557946.dir/build.make CMakeFiles/cmTryCompileExec4007557946.dir/build
make[1]: Entering directory `/mnt/sdb1/rel-16/external/apitrace/build/CMakeFiles/CMakeTmp'
/usr/bin/cmake -E cmake_progress_report /home/devtools/data/rel-16/external/apitrace/build/CMakeFiles/CMakeTmp/CMakeFiles 1
Building C object CMakeFiles/cmTryCompileExec4007557946.dir/CheckSymbolExists.c.o
/home/devtools/data/android-ndk-r8e/toolchains/arm-linux-androideabi-4.7/prebuilt/linux-x86_64/bin/arm-linux-androideabi-gcc  -DANDROID -fexceptions -Wno-psabi --sysroot=/home/devtools/data/android-ndk-r8e/platforms/android-9/arch-arm -fpic -funwind-tables -finline-limit=64 -fsigned-char -no-canonical-prefixes -march=armv7-a -mfloat-abi=softfp -mfpu=vfpv3-d16 -fdata-sections -ffunction-sections -Wa,--noexecstack    -isystem /home/devtools/data/android-ndk-r8e/platforms/android-9/arch-arm/usr/include -isystem /home/devtools/data/android-ndk-r8e/sources/cxx-stl/gnu-libstdc++/4.7/include -isystem /home/devtools/data/android-ndk-r8e/sources/cxx-stl/gnu-libstdc++/4.7/libs/armeabi-v7a/include    -o CMakeFiles/cmTryCompileExec4007557946.dir/CheckSymbolExists.c.o   -c /home/devtools/data/rel-16/external/apitrace/build/CMakeFiles/CMakeTmp/CheckSymbolExists.c
Linking C executable cmTryCompileExec4007557946
/usr/bin/cmake -E cmake_link_script CMakeFiles/cmTryCompileExec4007557946.dir/link.txt --verbose=1
/home/devtools/data/android-ndk-r8e/toolchains/arm-linux-androideabi-4.7/prebuilt/linux-x86_64/bin/arm-linux-androideabi-gcc   -fexceptions -Wno-psabi --sysroot=/home/devtools/data/android-ndk-r8e/platforms/android-9/arch-arm -fpic -funwind-tables -finline-limit=64 -fsigned-char -no-canonical-prefixes -march=armv7-a -mfloat-abi=softfp -mfpu=vfpv3-d16 -fdata-sections -ffunction-sections -Wa,--noexecstack      -Wl,--fix-cortex-a8 -Wl,--no-undefined -Wl,--gc-sections -Wl,-z,noexecstack -Wl,-z,relro -Wl,-z,now -Wl,-z,nocopyreloc CMakeFiles/cmTryCompileExec4007557946.dir/CheckSymbolExists.c.o -o cmTryCompileExec4007557946 -rdynamic -L/libs/armeabi-v7a  "/home/devtools/data/android-ndk-r8e/sources/cxx-stl/gnu-libstdc++/4.7/libs/armeabi-v7a/libsupc++.a"
make[1]: Leaving directory `/mnt/sdb1/rel-16/external/apitrace/build/CMakeFiles/CMakeTmp'

File /home/devtools/data/rel-16/external/apitrace/build/CMakeFiles/CMakeTmp/CheckSymbolExists.c:
/* */
#include <pthread.h>

int main(int argc, char** argv)
{
  (void)argv;
#ifndef pthread_create
  return ((int*)(&pthread_create))[argc];
#else
  (void)argc;
  return 0;
#endif
}

Performing C++ SOURCE FILE Test CXX_COMPILER_FLAG_VISIBILITY succeded with the following output:
Change Dir: /home/devtools/data/rel-16/external/apitrace/build/CMakeFiles/CMakeTmp

Run Build Command:/usr/bin/make "cmTryCompileExec549242843/fast"
/usr/bin/make -f CMakeFiles/cmTryCompileExec549242843.dir/build.make CMakeFiles/cmTryCompileExec549242843.dir/build
make[1]: Entering directory `/mnt/sdb1/rel-16/external/apitrace/build/CMakeFiles/CMakeTmp'
/usr/bin/cmake -E cmake_progress_report /home/devtools/data/rel-16/external/apitrace/build/CMakeFiles/CMakeTmp/CMakeFiles 1
Building CXX object CMakeFiles/cmTryCompileExec549242843.dir/src.cxx.o
/home/devtools/data/android-ndk-r8e/toolchains/arm-linux-androideabi-4.7/prebuilt/linux-x86_64/bin/arm-linux-androideabi-g++   -DANDROID -fexceptions -frtti -Wno-psabi --sysroot=/home/devtools/data/android-ndk-r8e/platforms/android-9/arch-arm -fpic -funwind-tables -finline-limit=64 -fsigned-char -no-canonical-prefixes -march=armv7-a -mfloat-abi=softfp -mfpu=vfpv3-d16 -fdata-sections -ffunction-sections -Wa,--noexecstack   -DCXX_COMPILER_FLAG_VISIBILITY -isystem /home/devtools/data/android-ndk-r8e/platforms/android-9/arch-arm/usr/include -isystem /home/devtools/data/android-ndk-r8e/sources/cxx-stl/gnu-libstdc++/4.7/include -isystem /home/devtools/data/android-ndk-r8e/sources/cxx-stl/gnu-libstdc++/4.7/libs/armeabi-v7a/include    -fvisibility=hidden -o CMakeFiles/cmTryCompileExec549242843.dir/src.cxx.o -c /home/devtools/data/rel-16/external/apitrace/build/CMakeFiles/CMakeTmp/src.cxx
Linking CXX executable cmTryCompileExec549242843
/usr/bin/cmake -E cmake_link_script CMakeFiles/cmTryCompileExec549242843.dir/link.txt --verbose=1
/home/devtools/data/android-ndk-r8e/toolchains/arm-linux-androideabi-4.7/prebuilt/linux-x86_64/bin/arm-linux-androideabi-gcc  -fexceptions -frtti -Wno-psabi --sysroot=/home/devtools/data/android-ndk-r8e/platforms/android-9/arch-arm -fpic -funwind-tables -finline-limit=64 -fsigned-char -no-canonical-prefixes -march=armv7-a -mfloat-abi=softfp -mfpu=vfpv3-d16 -fdata-sections -ffunction-sections -Wa,--noexecstack   -DCXX_COMPILER_FLAG_VISIBILITY   -Wl,--fix-cortex-a8 -Wl,--no-undefined -Wl,--gc-sections -Wl,-z,noexecstack -Wl,-z,relro -Wl,-z,now -Wl,-z,nocopyreloc CMakeFiles/cmTryCompileExec549242843.dir/src.cxx.o -o cmTryCompileExec549242843 -rdynamic -L/libs/armeabi-v7a  "/home/devtools/data/android-ndk-r8e/sources/cxx-stl/gnu-libstdc++/4.7/libs/armeabi-v7a/libgnustl_static.a" "/home/devtools/data/android-ndk-r8e/sources/cxx-stl/gnu-libstdc++/4.7/libs/armeabi-v7a/libsupc++.a" -lm
make[1]: Leaving directory `/mnt/sdb1/rel-16/external/apitrace/build/CMakeFiles/CMakeTmp'

Source file was:
int main() { return 0;}
